<?xml version="1.0" encoding="UTF-8"?>
<!-- Generated by org.testng.reporters.JUnitReportReporter -->
<testsuite hostname="HP-Pavilion-GTX" failures="0" tests="3" name="TutorialNinja.AddToCart" time="18.139" errors="0" timestamp="2025-02-16T13:34:34 IST" skipped="0">
  <testcase classname="TutorialNinja.AddToCart" name="testCart" time="5.641"/>
  <system-out/>
  <testcase classname="TutorialNinja.AddToCart" name="testCart" time="6.768"/>
  <system-out/>
  <testcase classname="TutorialNinja.AddToCart" name="testCart" time="5.730"/>
  <system-out/>
</testsuite> <!-- TutorialNinja.AddToCart -->
