<?xml version="1.0" encoding="UTF-8"?>
<!-- Generated by org.testng.reporters.JUnitReportReporter -->
<testsuite hostname="HP-Pavilion-GTX" failures="0" tests="3" name="TutorialNinja.Login" time="40.822" errors="0" timestamp="2025-02-17T11:11:17 IST" skipped="0">
  <testcase classname="TutorialNinja.Login" name="testLogin" time="26.922"/>
  <system-out/>
  <testcase classname="TutorialNinja.Login" name="testLogin" time="5.815"/>
  <system-out/>
  <testcase classname="TutorialNinja.Login" name="testLogin" time="8.085"/>
  <system-out/>
</testsuite> <!-- TutorialNinja.Login -->
