<?xml version="1.0" encoding="UTF-8"?>
<!-- Generated by org.testng.reporters.JUnitReportReporter -->
<testsuite hostname="HP-Pavilion-GTX" failures="0" tests="2" name="TutorialNinja.wishlist" time="21.974" errors="0" timestamp="2025-02-17T11:11:17 IST" skipped="0">
  <testcase classname="TutorialNinja.wishlist" name="testWishList" time="11.253"/>
  <system-out/>
  <testcase classname="TutorialNinja.wishlist" name="testWishList" time="10.721"/>
  <system-out/>
</testsuite> <!-- TutorialNinja.wishlist -->
