<?xml version="1.0" encoding="UTF-8"?>
<!-- Generated by org.testng.reporters.JUnitReportReporter -->
<testsuite hostname="HP-Pavilion-GTX" failures="0" tests="3" name="TutorialNinja.Register" time="23.571" errors="0" timestamp="2025-02-17T11:11:17 IST" skipped="0">
  <testcase classname="TutorialNinja.Register" name="testRegister" time="8.042"/>
  <system-out/>
  <testcase classname="TutorialNinja.Register" name="testRegister" time="8.011"/>
  <system-out/>
  <testcase classname="TutorialNinja.Register" name="testRegister" time="7.518"/>
  <system-out/>
</testsuite> <!-- TutorialNinja.Register -->
