<?xml version="1.0" encoding="UTF-8"?>
<!-- Generated by org.testng.reporters.JUnitReportReporter -->
<testsuite hostname="HP-Pavilion-GTX" failures="0" tests="3" name="TutorialNinja.search" time="23.386" errors="0" timestamp="2025-02-17T11:11:17 IST" skipped="0">
  <testcase classname="TutorialNinja.search" name="testCart" time="12.628"/>
  <system-out/>
  <testcase classname="TutorialNinja.search" name="testCart" time="5.230"/>
  <system-out/>
  <testcase classname="TutorialNinja.search" name="testCart" time="5.528"/>
  <system-out/>
</testsuite> <!-- TutorialNinja.search -->
