<?xml version="1.0" encoding="UTF-8"?>
<!-- Generated by org.testng.reporters.JUnitReportReporter -->
<testsuite hostname="HP-Pavilion-GTX" failures="0" tests="1" name="TutorialNinja.shoppingcart" time="6.738" errors="0" timestamp="2025-02-17T11:11:17 IST" skipped="0">
  <testcase classname="TutorialNinja.shoppingcart" name="testShoppingCart" time="6.738"/>
  <system-out/>
</testsuite> <!-- TutorialNinja.shoppingcart -->
